[debug] [2021-01-27T00:21:07.681Z] ----------------------------------------------------------------------
[debug] [2021-01-27T00:21:07.683Z] Command:       /usr/local/Cellar/node/14.9.0/bin/node /usr/local/bin/firebase init
[debug] [2021-01-27T00:21:07.683Z] CLI Version:   8.16.2
[debug] [2021-01-27T00:21:07.683Z] Platform:      darwin
[debug] [2021-01-27T00:21:07.683Z] Node Version:  v14.9.0
[debug] [2021-01-27T00:21:07.684Z] Time:          Tue Jan 26 2021 16:21:07 GMT-0800 (Pacific Standard Time)
[debug] [2021-01-27T00:21:07.684Z] ----------------------------------------------------------------------
[debug] [2021-01-27T00:21:07.684Z] 
[debug] [2021-01-27T00:21:07.685Z] >>> [apiv2][query] GET https://firebase-public.firebaseio.com/cli.json [none]
[debug] [2021-01-27T00:21:07.703Z] > command requires scopes: ["email","openid","https://www.googleapis.com/auth/cloudplatformprojects.readonly","https://www.googleapis.com/auth/firebase","https://www.googleapis.com/auth/cloud-platform"]
[debug] [2021-01-27T00:21:07.703Z] > authorizing via signed-in user
[info] 
     ######## #### ########  ######## ########     ###     ######  ########
     ##        ##  ##     ## ##       ##     ##  ##   ##  ##       ##
     ######    ##  ########  ######   ########  #########  ######  ######
     ##        ##  ##    ##  ##       ##     ## ##     ##       ## ##
     ##       #### ##     ## ######## ########  ##     ##  ######  ########

You're about to initialize a Firebase project in this directory:

  /Users/stas/Documents/NativeApp/Project/SwaptFront

[debug] [2021-01-27T00:21:07.955Z] <<< [apiv2][status] GET https://firebase-public.firebaseio.com/cli.json 200
[debug] [2021-01-27T00:21:07.955Z] <<< [apiv2][body] GET https://firebase-public.firebaseio.com/cli.json {"cloudBuildErrorAfter":1594252800000,"cloudBuildWarnAfter":1590019200000,"defaultNode10After":1594252800000,"minVersion":"3.0.5","node8DeploysDisabledAfter":1613390400000,"node8RuntimeDisabledAfter":1615809600000,"node8WarnAfter":1600128000000}
[info] 
=== Project Setup
[info] 
[info] First, let's associate this project directory with a Firebase project.
[info] You can create multiple project aliases by running firebase use --add, 
[info] but for now we'll just set up a default project.
[info] 
[info] i  If you want to create a project in a Google Cloud organization or folder, please use "firebase projects:create" instead, and return to this command when you've created the project. 
[debug] [2021-01-27T00:22:36.759Z] > refreshing access token with scopes: ["email","https://www.googleapis.com/auth/cloud-platform","https://www.googleapis.com/auth/cloudplatformprojects.readonly","https://www.googleapis.com/auth/firebase","openid"]
[debug] [2021-01-27T00:22:36.760Z] >>> HTTP REQUEST POST https://www.googleapis.com/oauth2/v3/token  
 <request body omitted>
[debug] [2021-01-27T00:22:36.943Z] <<< HTTP RESPONSE 200 {"date":"Wed, 27 Jan 2021 00:22:36 GMT","expires":"Mon, 01 Jan 1990 00:00:00 GMT","pragma":"no-cache","cache-control":"no-cache, no-store, max-age=0, must-revalidate","content-type":"application/json; charset=utf-8","vary":"X-Origin, Referer, Origin,Accept-Encoding","server":"scaffolding on HTTPServer2","x-xss-protection":"0","x-frame-options":"SAMEORIGIN","x-content-type-options":"nosniff","alt-svc":"h3-29=\":443\"; ma=2592000,h3-T051=\":443\"; ma=2592000,h3-Q050=\":443\"; ma=2592000,h3-Q046=\":443\"; ma=2592000,h3-Q043=\":443\"; ma=2592000,quic=\":443\"; ma=2592000; v=\"46,43\"","accept-ranges":"none","transfer-encoding":"chunked"}
[debug] [2021-01-27T00:22:36.976Z] >>> HTTP REQUEST POST https://cloudresourcemanager.googleapis.com/v1/projects  
 {"projectId":"reactapp","name":"reactapp"}
[debug] [2021-01-27T00:22:37.515Z] <<< HTTP RESPONSE 409 {"vary":"X-Origin, Referer, Origin,Accept-Encoding","content-type":"application/json; charset=UTF-8","date":"Wed, 27 Jan 2021 00:22:37 GMT","server":"ESF","cache-control":"private","x-xss-protection":"0","x-frame-options":"SAMEORIGIN","x-content-type-options":"nosniff","server-timing":"gfet4t7; dur=258","alt-svc":"h3-29=\":443\"; ma=2592000,h3-T051=\":443\"; ma=2592000,h3-Q050=\":443\"; ma=2592000,h3-Q046=\":443\"; ma=2592000,h3-Q043=\":443\"; ma=2592000,quic=\":443\"; ma=2592000; v=\"46,43\"","accept-ranges":"none","transfer-encoding":"chunked"}
[debug] [2021-01-27T00:22:37.515Z] <<< HTTP RESPONSE BODY {"error":{"code":409,"message":"Requested entity already exists","status":"ALREADY_EXISTS"}}
[debug] [2021-01-27T00:22:37.517Z] FirebaseError: HTTP Error: 409, Requested entity already exists
    at module.exports (/usr/local/lib/node_modules/firebase-tools/lib/responseToError.js:38:12)
    at Request._callback (/usr/local/lib/node_modules/firebase-tools/lib/api.js:41:35)
    at Request.self.callback (/usr/local/lib/node_modules/firebase-tools/node_modules/request/request.js:185:22)
    at Request.emit (events.js:314:20)
    at Request.EventEmitter.emit (domain.js:486:12)
    at Request.<anonymous> (/usr/local/lib/node_modules/firebase-tools/node_modules/request/request.js:1154:10)
    at Request.emit (events.js:314:20)
    at Request.EventEmitter.emit (domain.js:486:12)
    at IncomingMessage.<anonymous> (/usr/local/lib/node_modules/firebase-tools/node_modules/request/request.js:1076:12)
    at Object.onceWrapper (events.js:420:28)
    at IncomingMessage.emit (events.js:326:22)
    at IncomingMessage.EventEmitter.emit (domain.js:486:12)
    at endReadableNT (_stream_readable.js:1244:12)
    at processTicksAndRejections (internal/process/task_queues.js:80:21)
[error] 
[error] Error: Failed to create project because there is already a project with ID reactapp. Please try again with a unique project ID.
[debug] [2021-01-27T00:22:48.166Z] ----------------------------------------------------------------------
[debug] [2021-01-27T00:22:48.168Z] Command:       /usr/local/Cellar/node/14.9.0/bin/node /usr/local/bin/firebase init
[debug] [2021-01-27T00:22:48.168Z] CLI Version:   8.16.2
[debug] [2021-01-27T00:22:48.168Z] Platform:      darwin
[debug] [2021-01-27T00:22:48.168Z] Node Version:  v14.9.0
[debug] [2021-01-27T00:22:48.169Z] Time:          Tue Jan 26 2021 16:22:48 GMT-0800 (Pacific Standard Time)
[debug] [2021-01-27T00:22:48.169Z] ----------------------------------------------------------------------
[debug] [2021-01-27T00:22:48.169Z] 
[debug] [2021-01-27T00:22:48.172Z] > command requires scopes: ["email","openid","https://www.googleapis.com/auth/cloudplatformprojects.readonly","https://www.googleapis.com/auth/firebase","https://www.googleapis.com/auth/cloud-platform"]
[debug] [2021-01-27T00:22:48.173Z] > authorizing via signed-in user
[info] 
     ######## #### ########  ######## ########     ###     ######  ########
     ##        ##  ##     ## ##       ##     ##  ##   ##  ##       ##
     ######    ##  ########  ######   ########  #########  ######  ######
     ##        ##  ##    ##  ##       ##     ## ##     ##       ## ##
     ##       #### ##     ## ######## ########  ##     ##  ######  ########

You're about to initialize a Firebase project in this directory:

  /Users/stas/Documents/NativeApp/Project/SwaptFront

[info] 
=== Project Setup
[info] 
[info] First, let's associate this project directory with a Firebase project.
[info] You can create multiple project aliases by running firebase use --add, 
[info] but for now we'll just set up a default project.
[info] 
[info] i  If you want to create a project in a Google Cloud organization or folder, please use "firebase projects:create" instead, and return to this command when you've created the project. 
[debug] [2021-01-27T00:23:27.364Z] >>> HTTP REQUEST POST https://cloudresourcemanager.googleapis.com/v1/projects  
 {"projectId":"reactnativeairbnb","name":"reactnativeairbnb"}
[debug] [2021-01-27T00:23:27.824Z] <<< HTTP RESPONSE 200 {"content-type":"application/json; charset=UTF-8","vary":"X-Origin, Referer, Origin,Accept-Encoding","date":"Wed, 27 Jan 2021 00:23:27 GMT","server":"ESF","cache-control":"private","x-xss-protection":"0","x-frame-options":"SAMEORIGIN","x-content-type-options":"nosniff","server-timing":"gfet4t7; dur=352","alt-svc":"h3-29=\":443\"; ma=2592000,h3-T051=\":443\"; ma=2592000,h3-Q050=\":443\"; ma=2592000,h3-Q046=\":443\"; ma=2592000,h3-Q043=\":443\"; ma=2592000,quic=\":443\"; ma=2592000; v=\"46,43\"","accept-ranges":"none","transfer-encoding":"chunked"}
[debug] [2021-01-27T00:23:27.826Z] > refreshing access token with scopes: []
[debug] [2021-01-27T00:23:27.827Z] >>> HTTP REQUEST POST https://www.googleapis.com/oauth2/v3/token  
 <request body omitted>
[debug] [2021-01-27T00:23:27.997Z] <<< HTTP RESPONSE 200 {"expires":"Mon, 01 Jan 1990 00:00:00 GMT","pragma":"no-cache","date":"Wed, 27 Jan 2021 00:23:27 GMT","cache-control":"no-cache, no-store, max-age=0, must-revalidate","content-type":"application/json; charset=utf-8","vary":"X-Origin, Referer, Origin,Accept-Encoding","server":"scaffolding on HTTPServer2","x-xss-protection":"0","x-frame-options":"SAMEORIGIN","x-content-type-options":"nosniff","alt-svc":"h3-29=\":443\"; ma=2592000,h3-T051=\":443\"; ma=2592000,h3-Q050=\":443\"; ma=2592000,h3-Q046=\":443\"; ma=2592000,h3-Q043=\":443\"; ma=2592000,quic=\":443\"; ma=2592000; v=\"46,43\"","accept-ranges":"none","transfer-encoding":"chunked"}
[debug] [2021-01-27T00:23:28.033Z] >>> [apiv2][query] GET https://cloudresourcemanager.googleapis.com/v1/operations/cp.8587234683906752349 [none]
[debug] [2021-01-27T00:23:28.517Z] <<< [apiv2][status] GET https://cloudresourcemanager.googleapis.com/v1/operations/cp.8587234683906752349 200
[debug] [2021-01-27T00:23:28.517Z] <<< [apiv2][body] GET https://cloudresourcemanager.googleapis.com/v1/operations/cp.8587234683906752349 {"name":"operations/cp.8587234683906752349"}
[debug] [2021-01-27T00:23:29.019Z] [Project Creation Poller] Retrying task index 0
[debug] [2021-01-27T00:23:29.020Z] >>> [apiv2][query] GET https://cloudresourcemanager.googleapis.com/v1/operations/cp.8587234683906752349 [none]
[debug] [2021-01-27T00:23:29.648Z] <<< [apiv2][status] GET https://cloudresourcemanager.googleapis.com/v1/operations/cp.8587234683906752349 200
[debug] [2021-01-27T00:23:29.648Z] <<< [apiv2][body] GET https://cloudresourcemanager.googleapis.com/v1/operations/cp.8587234683906752349 {"name":"operations/cp.8587234683906752349"}
[debug] [2021-01-27T00:23:30.652Z] [Project Creation Poller] Retrying task index 0
[debug] [2021-01-27T00:23:30.652Z] >>> [apiv2][query] GET https://cloudresourcemanager.googleapis.com/v1/operations/cp.8587234683906752349 [none]
[debug] [2021-01-27T00:23:31.279Z] <<< [apiv2][status] GET https://cloudresourcemanager.googleapis.com/v1/operations/cp.8587234683906752349 200
[debug] [2021-01-27T00:23:31.279Z] <<< [apiv2][body] GET https://cloudresourcemanager.googleapis.com/v1/operations/cp.8587234683906752349 {"name":"operations/cp.8587234683906752349","metadata":{"@type":"type.googleapis.com/google.cloudresourcemanager.v1.ProjectCreationStatus","gettable":true,"ready":true},"done":true,"response":{"@type":"type.googleapis.com/google.cloudresourcemanager.v1.Project","projectNumber":"391849266582","projectId":"reactnativeairbnb","lifecycleState":"ACTIVE","name":"reactnativeairbnb","createTime":"2021-01-27T00:23:27.689Z"}}
[debug] [2021-01-27T00:23:31.281Z] > refreshing access token with scopes: ["email","https://www.googleapis.com/auth/cloud-platform","https://www.googleapis.com/auth/cloudplatformprojects.readonly","https://www.googleapis.com/auth/firebase","openid"]
[debug] [2021-01-27T00:23:31.281Z] >>> HTTP REQUEST POST https://www.googleapis.com/oauth2/v3/token  
 <request body omitted>
[debug] [2021-01-27T00:23:31.433Z] <<< HTTP RESPONSE 200 {"expires":"Mon, 01 Jan 1990 00:00:00 GMT","cache-control":"no-cache, no-store, max-age=0, must-revalidate","pragma":"no-cache","date":"Wed, 27 Jan 2021 00:23:31 GMT","content-type":"application/json; charset=utf-8","vary":"X-Origin, Referer, Origin,Accept-Encoding","server":"scaffolding on HTTPServer2","x-xss-protection":"0","x-frame-options":"SAMEORIGIN","x-content-type-options":"nosniff","alt-svc":"h3-29=\":443\"; ma=2592000,h3-T051=\":443\"; ma=2592000,h3-Q050=\":443\"; ma=2592000,h3-Q046=\":443\"; ma=2592000,h3-Q043=\":443\"; ma=2592000,quic=\":443\"; ma=2592000; v=\"46,43\"","accept-ranges":"none","transfer-encoding":"chunked"}
[debug] [2021-01-27T00:23:31.499Z] >>> HTTP REQUEST POST https://firebase.googleapis.com/v1beta1/projects/reactnativeairbnb:addFirebase  
 
[debug] [2021-01-27T00:23:33.222Z] <<< HTTP RESPONSE 200 {"content-type":"application/json; charset=UTF-8","vary":"X-Origin, Referer, Origin,Accept-Encoding","date":"Wed, 27 Jan 2021 00:23:33 GMT","server":"ESF","cache-control":"private","x-xss-protection":"0","x-frame-options":"SAMEORIGIN","x-content-type-options":"nosniff","alt-svc":"h3-29=\":443\"; ma=2592000,h3-T051=\":443\"; ma=2592000,h3-Q050=\":443\"; ma=2592000,h3-Q046=\":443\"; ma=2592000,h3-Q043=\":443\"; ma=2592000,quic=\":443\"; ma=2592000; v=\"46,43\"","accept-ranges":"none","transfer-encoding":"chunked"}
[debug] [2021-01-27T00:23:33.223Z] > refreshing access token with scopes: []
[debug] [2021-01-27T00:23:33.223Z] >>> HTTP REQUEST POST https://www.googleapis.com/oauth2/v3/token  
 <request body omitted>
[debug] [2021-01-27T00:23:33.348Z] <<< HTTP RESPONSE 200 {"expires":"Mon, 01 Jan 1990 00:00:00 GMT","date":"Wed, 27 Jan 2021 00:23:33 GMT","pragma":"no-cache","cache-control":"no-cache, no-store, max-age=0, must-revalidate","content-type":"application/json; charset=utf-8","vary":"X-Origin, Referer, Origin,Accept-Encoding","server":"scaffolding on HTTPServer2","x-xss-protection":"0","x-frame-options":"SAMEORIGIN","x-content-type-options":"nosniff","alt-svc":"h3-29=\":443\"; ma=2592000,h3-T051=\":443\"; ma=2592000,h3-Q050=\":443\"; ma=2592000,h3-Q046=\":443\"; ma=2592000,h3-Q043=\":443\"; ma=2592000,quic=\":443\"; ma=2592000; v=\"46,43\"","accept-ranges":"none","transfer-encoding":"chunked"}
[debug] [2021-01-27T00:23:33.393Z] >>> [apiv2][query] GET https://firebase.googleapis.com/v1beta1/operations/workflows/ODNkNTFkYWItN2NmYS00YjdkLWJmZDctMzkwZWE0ZTVlMjc3 [none]
[debug] [2021-01-27T00:23:33.942Z] <<< [apiv2][status] GET https://firebase.googleapis.com/v1beta1/operations/workflows/ODNkNTFkYWItN2NmYS00YjdkLWJmZDctMzkwZWE0ZTVlMjc3 200
[debug] [2021-01-27T00:23:33.943Z] <<< [apiv2][body] GET https://firebase.googleapis.com/v1beta1/operations/workflows/ODNkNTFkYWItN2NmYS00YjdkLWJmZDctMzkwZWE0ZTVlMjc3 {"name":"operations/workflows/ODNkNTFkYWItN2NmYS00YjdkLWJmZDctMzkwZWE0ZTVlMjc3"}
[debug] [2021-01-27T00:23:34.445Z] [Add Firebase Poller] Retrying task index 0
[debug] [2021-01-27T00:23:34.446Z] >>> [apiv2][query] GET https://firebase.googleapis.com/v1beta1/operations/workflows/ODNkNTFkYWItN2NmYS00YjdkLWJmZDctMzkwZWE0ZTVlMjc3 [none]
[debug] [2021-01-27T00:23:34.865Z] <<< [apiv2][status] GET https://firebase.googleapis.com/v1beta1/operations/workflows/ODNkNTFkYWItN2NmYS00YjdkLWJmZDctMzkwZWE0ZTVlMjc3 200
[debug] [2021-01-27T00:23:34.865Z] <<< [apiv2][body] GET https://firebase.googleapis.com/v1beta1/operations/workflows/ODNkNTFkYWItN2NmYS00YjdkLWJmZDctMzkwZWE0ZTVlMjc3 {"name":"operations/workflows/ODNkNTFkYWItN2NmYS00YjdkLWJmZDctMzkwZWE0ZTVlMjc3"}
[debug] [2021-01-27T00:23:35.870Z] [Add Firebase Poller] Retrying task index 0
[debug] [2021-01-27T00:23:35.870Z] >>> [apiv2][query] GET https://firebase.googleapis.com/v1beta1/operations/workflows/ODNkNTFkYWItN2NmYS00YjdkLWJmZDctMzkwZWE0ZTVlMjc3 [none]
[debug] [2021-01-27T00:23:36.297Z] <<< [apiv2][status] GET https://firebase.googleapis.com/v1beta1/operations/workflows/ODNkNTFkYWItN2NmYS00YjdkLWJmZDctMzkwZWE0ZTVlMjc3 200
[debug] [2021-01-27T00:23:36.297Z] <<< [apiv2][body] GET https://firebase.googleapis.com/v1beta1/operations/workflows/ODNkNTFkYWItN2NmYS00YjdkLWJmZDctMzkwZWE0ZTVlMjc3 {"name":"operations/workflows/ODNkNTFkYWItN2NmYS00YjdkLWJmZDctMzkwZWE0ZTVlMjc3"}
[debug] [2021-01-27T00:23:38.300Z] [Add Firebase Poller] Retrying task index 0
[debug] [2021-01-27T00:23:38.301Z] >>> [apiv2][query] GET https://firebase.googleapis.com/v1beta1/operations/workflows/ODNkNTFkYWItN2NmYS00YjdkLWJmZDctMzkwZWE0ZTVlMjc3 [none]
[debug] [2021-01-27T00:23:38.758Z] <<< [apiv2][status] GET https://firebase.googleapis.com/v1beta1/operations/workflows/ODNkNTFkYWItN2NmYS00YjdkLWJmZDctMzkwZWE0ZTVlMjc3 200
[debug] [2021-01-27T00:23:38.758Z] <<< [apiv2][body] GET https://firebase.googleapis.com/v1beta1/operations/workflows/ODNkNTFkYWItN2NmYS00YjdkLWJmZDctMzkwZWE0ZTVlMjc3 {"name":"operations/workflows/ODNkNTFkYWItN2NmYS00YjdkLWJmZDctMzkwZWE0ZTVlMjc3"}
[debug] [2021-01-27T00:23:42.761Z] [Add Firebase Poller] Retrying task index 0
[debug] [2021-01-27T00:23:42.762Z] >>> [apiv2][query] GET https://firebase.googleapis.com/v1beta1/operations/workflows/ODNkNTFkYWItN2NmYS00YjdkLWJmZDctMzkwZWE0ZTVlMjc3 [none]
[debug] [2021-01-27T00:23:43.156Z] <<< [apiv2][status] GET https://firebase.googleapis.com/v1beta1/operations/workflows/ODNkNTFkYWItN2NmYS00YjdkLWJmZDctMzkwZWE0ZTVlMjc3 200
[debug] [2021-01-27T00:23:43.156Z] <<< [apiv2][body] GET https://firebase.googleapis.com/v1beta1/operations/workflows/ODNkNTFkYWItN2NmYS00YjdkLWJmZDctMzkwZWE0ZTVlMjc3 {"name":"operations/workflows/ODNkNTFkYWItN2NmYS00YjdkLWJmZDctMzkwZWE0ZTVlMjc3"}
